[0.043s] Invoking command in '/home/ctruillet/lesson_urdf/build/lesson_urdf': CMAKE_PREFIX_PATH=${CMAKE_PREFIX_PATH}:/home/ctruillet/ros2_control/install/ros2controlcli:/home/ctruillet/ros2_control/install/ros2_control_test_nodes:/home/ctruillet/ws_moveit2/install/ros2controlcli:/opt/ros/foxy /usr/bin/cmake --build /home/ctruillet/lesson_urdf/build/lesson_urdf -- -j4 -l4
[0.117s] Invoked command in '/home/ctruillet/lesson_urdf/build/lesson_urdf' returned '0': CMAKE_PREFIX_PATH=${CMAKE_PREFIX_PATH}:/home/ctruillet/ros2_control/install/ros2controlcli:/home/ctruillet/ros2_control/install/ros2_control_test_nodes:/home/ctruillet/ws_moveit2/install/ros2controlcli:/opt/ros/foxy /usr/bin/cmake --build /home/ctruillet/lesson_urdf/build/lesson_urdf -- -j4 -l4
[0.181s] Invoking command in '/home/ctruillet/lesson_urdf/build/lesson_urdf': CMAKE_PREFIX_PATH=${CMAKE_PREFIX_PATH}:/home/ctruillet/ros2_control/install/ros2controlcli:/home/ctruillet/ros2_control/install/ros2_control_test_nodes:/home/ctruillet/ws_moveit2/install/ros2controlcli:/opt/ros/foxy /usr/bin/cmake --install /home/ctruillet/lesson_urdf/build/lesson_urdf
[0.194s] -- Install configuration: ""
[0.194s] -- Up-to-date: /home/ctruillet/lesson_urdf/install/lesson_urdf/share/lesson_urdf/launch
[0.194s] -- Up-to-date: /home/ctruillet/lesson_urdf/install/lesson_urdf/share/lesson_urdf/launch/view_robot_launch.py
[0.195s] -- Up-to-date: /home/ctruillet/lesson_urdf/install/lesson_urdf/share/lesson_urdf/rviz
[0.195s] -- Up-to-date: /home/ctruillet/lesson_urdf/install/lesson_urdf/share/lesson_urdf/rviz/view.rviz
[0.196s] -- Up-to-date: /home/ctruillet/lesson_urdf/install/lesson_urdf/share/lesson_urdf/urdf
[0.196s] -- Installing: /home/ctruillet/lesson_urdf/install/lesson_urdf/share/lesson_urdf/urdf/youbot.urdf
[0.196s] -- Up-to-date: /home/ctruillet/lesson_urdf/install/lesson_urdf/share/ament_index/resource_index/package_run_dependencies/lesson_urdf
[0.197s] -- Up-to-date: /home/ctruillet/lesson_urdf/install/lesson_urdf/share/ament_index/resource_index/parent_prefix_path/lesson_urdf
[0.197s] -- Up-to-date: /home/ctruillet/lesson_urdf/install/lesson_urdf/share/lesson_urdf/environment/ament_prefix_path.sh
[0.198s] -- Up-to-date: /home/ctruillet/lesson_urdf/install/lesson_urdf/share/lesson_urdf/environment/ament_prefix_path.dsv
[0.203s] -- Up-to-date: /home/ctruillet/lesson_urdf/install/lesson_urdf/share/lesson_urdf/environment/path.sh
[0.203s] -- Up-to-date: /home/ctruillet/lesson_urdf/install/lesson_urdf/share/lesson_urdf/environment/path.dsv
[0.203s] -- Up-to-date: /home/ctruillet/lesson_urdf/install/lesson_urdf/share/lesson_urdf/local_setup.bash
[0.204s] -- Up-to-date: /home/ctruillet/lesson_urdf/install/lesson_urdf/share/lesson_urdf/local_setup.sh
[0.204s] -- Up-to-date: /home/ctruillet/lesson_urdf/install/lesson_urdf/share/lesson_urdf/local_setup.zsh
[0.204s] -- Up-to-date: /home/ctruillet/lesson_urdf/install/lesson_urdf/share/lesson_urdf/local_setup.dsv
[0.205s] -- Installing: /home/ctruillet/lesson_urdf/install/lesson_urdf/share/lesson_urdf/package.dsv
[0.206s] -- Up-to-date: /home/ctruillet/lesson_urdf/install/lesson_urdf/share/ament_index/resource_index/packages/lesson_urdf
[0.206s] -- Up-to-date: /home/ctruillet/lesson_urdf/install/lesson_urdf/share/lesson_urdf/cmake/lesson_urdfConfig.cmake
[0.209s] -- Up-to-date: /home/ctruillet/lesson_urdf/install/lesson_urdf/share/lesson_urdf/cmake/lesson_urdfConfig-version.cmake
[0.209s] -- Up-to-date: /home/ctruillet/lesson_urdf/install/lesson_urdf/share/lesson_urdf/package.xml
[0.209s] Invoked command in '/home/ctruillet/lesson_urdf/build/lesson_urdf' returned '0': CMAKE_PREFIX_PATH=${CMAKE_PREFIX_PATH}:/home/ctruillet/ros2_control/install/ros2controlcli:/home/ctruillet/ros2_control/install/ros2_control_test_nodes:/home/ctruillet/ws_moveit2/install/ros2controlcli:/opt/ros/foxy /usr/bin/cmake --install /home/ctruillet/lesson_urdf/build/lesson_urdf
