[1.037s] DEBUG:colcon:Command line arguments: ['/usr/bin/colcon', 'build']
[1.037s] DEBUG:colcon:Parsed command line arguments: Namespace(ament_cmake_args=None, base_paths=['.'], build_base='build', catkin_cmake_args=None, catkin_skip_building_tests=False, cmake_args=None, cmake_clean_cache=False, cmake_clean_first=False, cmake_force_configure=False, cmake_target=None, cmake_target_skip_unavailable=False, continue_on_error=False, event_handlers=None, executor='parallel', ignore_user_meta=False, install_base='install', log_base=None, log_level=None, main=<bound method BuildVerb.main of <colcon_core.verb.build.BuildVerb object at 0x7ff515ce1e50>>, merge_install=False, metas=['./colcon.meta'], packages_above=None, packages_above_and_dependencies=None, packages_above_depth=None, packages_end=None, packages_ignore=None, packages_ignore_regex=None, packages_select=None, packages_select_build_failed=False, packages_select_by_dep=None, packages_select_regex=None, packages_select_test_failures=False, packages_skip=None, packages_skip_build_finished=False, packages_skip_by_dep=None, packages_skip_regex=None, packages_skip_test_passed=False, packages_skip_up_to=None, packages_start=None, packages_up_to=None, packages_up_to_regex=None, parallel_workers=4, paths=None, symlink_install=False, test_result_base=None, verb_extension=<colcon_core.verb.build.BuildVerb object at 0x7ff515ce1e50>, verb_name='build', verb_parser=<colcon_defaults.argument_parser.defaults.DefaultArgumentsDecorator object at 0x7ff515cf1190>)
[1.051s] Level 1:colcon.colcon_core.package_discovery:discover_packages(colcon_meta) check parameters
[1.051s] Level 1:colcon.colcon_core.package_discovery:discover_packages(recursive) check parameters
[1.051s] Level 1:colcon.colcon_core.package_discovery:discover_packages(ignore) check parameters
[1.051s] Level 1:colcon.colcon_core.package_discovery:discover_packages(path) check parameters
[1.051s] Level 1:colcon.colcon_core.package_discovery:discover_packages(colcon_meta) discover
[1.051s] Level 1:colcon.colcon_core.package_discovery:discover_packages(recursive) discover
[1.051s] INFO:colcon.colcon_core.package_discovery:Crawling recursively for packages in '/home/ctruillet/youbot_description'
[1.052s] Level 1:colcon.colcon_core.package_identification:_identify(.) by extensions ['ignore', 'ignore_ament_install']
[1.052s] Level 1:colcon.colcon_core.package_identification:_identify(.) by extension 'ignore'
[1.052s] Level 1:colcon.colcon_core.package_identification:_identify(.) by extension 'ignore_ament_install'
[1.052s] Level 1:colcon.colcon_core.package_identification:_identify(.) by extensions ['colcon_pkg']
[1.052s] Level 1:colcon.colcon_core.package_identification:_identify(.) by extension 'colcon_pkg'
[1.052s] Level 1:colcon.colcon_core.package_identification:_identify(.) by extensions ['colcon_meta']
[1.053s] Level 1:colcon.colcon_core.package_identification:_identify(.) by extension 'colcon_meta'
[1.053s] Level 1:colcon.colcon_core.package_identification:_identify(.) by extensions ['ros']
[1.053s] Level 1:colcon.colcon_core.package_identification:_identify(.) by extension 'ros'
[1.081s] DEBUG:colcon.colcon_core.package_identification:Package '.' with type 'ros.ament_cmake' and name 'youbot_description'
[1.081s] Level 1:colcon.colcon_core.package_discovery:discover_packages(recursive) using defaults
[1.081s] Level 1:colcon.colcon_core.package_discovery:discover_packages(ignore) discover
[1.081s] Level 1:colcon.colcon_core.package_discovery:discover_packages(ignore) using defaults
[1.081s] Level 1:colcon.colcon_core.package_discovery:discover_packages(path) discover
[1.081s] Level 1:colcon.colcon_core.package_discovery:discover_packages(path) using defaults
[1.129s] Level 5:colcon.colcon_core.verb:set package 'youbot_description' build argument 'cmake_args' from command line to 'None'
[1.130s] Level 5:colcon.colcon_core.verb:set package 'youbot_description' build argument 'cmake_target' from command line to 'None'
[1.130s] Level 5:colcon.colcon_core.verb:set package 'youbot_description' build argument 'cmake_target_skip_unavailable' from command line to 'False'
[1.130s] Level 5:colcon.colcon_core.verb:set package 'youbot_description' build argument 'cmake_clean_cache' from command line to 'False'
[1.130s] Level 5:colcon.colcon_core.verb:set package 'youbot_description' build argument 'cmake_clean_first' from command line to 'False'
[1.130s] Level 5:colcon.colcon_core.verb:set package 'youbot_description' build argument 'cmake_force_configure' from command line to 'False'
[1.130s] Level 5:colcon.colcon_core.verb:set package 'youbot_description' build argument 'ament_cmake_args' from command line to 'None'
[1.130s] Level 5:colcon.colcon_core.verb:set package 'youbot_description' build argument 'catkin_cmake_args' from command line to 'None'
[1.130s] Level 5:colcon.colcon_core.verb:set package 'youbot_description' build argument 'catkin_skip_building_tests' from command line to 'False'
[1.130s] DEBUG:colcon.colcon_core.verb:Building package 'youbot_description' with the following arguments: {'ament_cmake_args': None, 'build_base': '/home/ctruillet/youbot_description/build/youbot_description', 'catkin_cmake_args': None, 'catkin_skip_building_tests': False, 'cmake_args': None, 'cmake_clean_cache': False, 'cmake_clean_first': False, 'cmake_force_configure': False, 'cmake_target': None, 'cmake_target_skip_unavailable': False, 'install_base': '/home/ctruillet/youbot_description/install/youbot_description', 'merge_install': False, 'path': '/home/ctruillet/youbot_description', 'symlink_install': False, 'test_result_base': None}
[1.131s] INFO:colcon.colcon_core.executor:Executing jobs using 'parallel' executor
[1.135s] DEBUG:colcon.colcon_parallel_executor.executor.parallel:run_until_complete
[1.136s] INFO:colcon.colcon_ros.task.ament_cmake.build:Building ROS package in '/home/ctruillet/youbot_description' with build type 'ament_cmake'
[1.136s] INFO:colcon.colcon_cmake.task.cmake.build:Building CMake package in '/home/ctruillet/youbot_description'
[1.147s] INFO:colcon.colcon_core.plugin_system:Skipping extension 'colcon_core.shell.bat': Not used on non-Windows systems
[1.148s] INFO:colcon.colcon_core.shell:Skip shell extension 'powershell' for command environment: Not usable outside of PowerShell
[1.148s] DEBUG:colcon.colcon_core.shell:Skip shell extension 'dsv' for command environment
[1.162s] DEBUG:colcon.colcon_core.shell:Ignoring prefix path '/opt/ros/foxy'
[1.187s] DEBUG:colcon.colcon_core.event_handler.log_command:Invoking command in '/home/ctruillet/youbot_description/build/youbot_description': CMAKE_PREFIX_PATH=${CMAKE_PREFIX_PATH}:/home/ctruillet/ws_moveit2/install/ros2controlcli:/opt/ros/foxy /usr/bin/cmake /home/ctruillet/youbot_description -DCMAKE_INSTALL_PREFIX=/home/ctruillet/youbot_description/install/youbot_description
[10.020s] DEBUG:colcon.colcon_core.event_handler.log_command:Invoked command in '/home/ctruillet/youbot_description/build/youbot_description' returned '0': CMAKE_PREFIX_PATH=${CMAKE_PREFIX_PATH}:/home/ctruillet/ws_moveit2/install/ros2controlcli:/opt/ros/foxy /usr/bin/cmake /home/ctruillet/youbot_description -DCMAKE_INSTALL_PREFIX=/home/ctruillet/youbot_description/install/youbot_description
[10.025s] DEBUG:colcon.colcon_core.event_handler.log_command:Invoking command in '/home/ctruillet/youbot_description/build/youbot_description': CMAKE_PREFIX_PATH=${CMAKE_PREFIX_PATH}:/home/ctruillet/ws_moveit2/install/ros2controlcli:/opt/ros/foxy /usr/bin/cmake --build /home/ctruillet/youbot_description/build/youbot_description -- -j4 -l4
[10.104s] DEBUG:colcon.colcon_core.event_handler.log_command:Invoked command in '/home/ctruillet/youbot_description/build/youbot_description' returned '0': CMAKE_PREFIX_PATH=${CMAKE_PREFIX_PATH}:/home/ctruillet/ws_moveit2/install/ros2controlcli:/opt/ros/foxy /usr/bin/cmake --build /home/ctruillet/youbot_description/build/youbot_description -- -j4 -l4
[10.167s] DEBUG:colcon.colcon_core.event_handler.log_command:Invoking command in '/home/ctruillet/youbot_description/build/youbot_description': CMAKE_PREFIX_PATH=${CMAKE_PREFIX_PATH}:/home/ctruillet/ws_moveit2/install/ros2controlcli:/opt/ros/foxy /usr/bin/cmake --install /home/ctruillet/youbot_description/build/youbot_description
[10.235s] Level 1:colcon.colcon_core.environment:create_environment_scripts_only(youbot_description)
[10.243s] Level 1:colcon.colcon_core.environment:checking '/home/ctruillet/youbot_description/install/youbot_description' for CMake module files
[10.249s] DEBUG:colcon.colcon_core.event_handler.log_command:Invoked command in '/home/ctruillet/youbot_description/build/youbot_description' returned '0': CMAKE_PREFIX_PATH=${CMAKE_PREFIX_PATH}:/home/ctruillet/ws_moveit2/install/ros2controlcli:/opt/ros/foxy /usr/bin/cmake --install /home/ctruillet/youbot_description/build/youbot_description
[10.250s] Level 1:colcon.colcon_core.environment:checking '/home/ctruillet/youbot_description/install/youbot_description' for CMake config files
[10.250s] Level 1:colcon.colcon_core.shell:create_environment_hook('youbot_description', 'cmake_prefix_path')
[10.263s] INFO:colcon.colcon_core.shell:Creating environment hook '/home/ctruillet/youbot_description/install/youbot_description/share/youbot_description/hook/cmake_prefix_path.ps1'
[10.264s] INFO:colcon.colcon_core.shell:Creating environment descriptor '/home/ctruillet/youbot_description/install/youbot_description/share/youbot_description/hook/cmake_prefix_path.dsv'
[10.265s] INFO:colcon.colcon_core.shell:Creating environment hook '/home/ctruillet/youbot_description/install/youbot_description/share/youbot_description/hook/cmake_prefix_path.sh'
[10.267s] Level 1:colcon.colcon_core.environment:checking '/home/ctruillet/youbot_description/install/youbot_description/bin'
[10.267s] Level 1:colcon.colcon_core.environment:checking '/home/ctruillet/youbot_description/install/youbot_description/lib/pkgconfig/youbot_description.pc'
[10.267s] Level 1:colcon.colcon_core.environment:checking '/home/ctruillet/youbot_description/install/youbot_description/lib/python3.8/site-packages'
[10.269s] INFO:colcon.colcon_core.shell:Creating package script '/home/ctruillet/youbot_description/install/youbot_description/share/youbot_description/package.ps1'
[10.270s] INFO:colcon.colcon_core.shell:Creating package descriptor '/home/ctruillet/youbot_description/install/youbot_description/share/youbot_description/package.dsv'
[10.272s] INFO:colcon.colcon_core.shell:Creating package script '/home/ctruillet/youbot_description/install/youbot_description/share/youbot_description/package.sh'
[10.273s] INFO:colcon.colcon_core.shell:Creating package script '/home/ctruillet/youbot_description/install/youbot_description/share/youbot_description/package.bash'
[10.275s] INFO:colcon.colcon_core.shell:Creating package script '/home/ctruillet/youbot_description/install/youbot_description/share/youbot_description/package.zsh'
[10.276s] Level 1:colcon.colcon_core.environment:create_file_with_runtime_dependencies(/home/ctruillet/youbot_description/install/youbot_description/share/colcon-core/packages/youbot_description)
[10.338s] Level 1:colcon.colcon_core.environment:create_environment_scripts_only(youbot_description)
[10.340s] Level 1:colcon.colcon_core.environment:checking '/home/ctruillet/youbot_description/install/youbot_description' for CMake module files
[10.341s] Level 1:colcon.colcon_core.environment:checking '/home/ctruillet/youbot_description/install/youbot_description' for CMake config files
[10.341s] Level 1:colcon.colcon_core.shell:create_environment_hook('youbot_description', 'cmake_prefix_path')
[10.343s] INFO:colcon.colcon_core.shell:Creating environment hook '/home/ctruillet/youbot_description/install/youbot_description/share/youbot_description/hook/cmake_prefix_path.ps1'
[10.344s] INFO:colcon.colcon_core.shell:Creating environment descriptor '/home/ctruillet/youbot_description/install/youbot_description/share/youbot_description/hook/cmake_prefix_path.dsv'
[10.345s] INFO:colcon.colcon_core.shell:Creating environment hook '/home/ctruillet/youbot_description/install/youbot_description/share/youbot_description/hook/cmake_prefix_path.sh'
[10.346s] Level 1:colcon.colcon_core.environment:checking '/home/ctruillet/youbot_description/install/youbot_description/bin'
[10.347s] Level 1:colcon.colcon_core.environment:checking '/home/ctruillet/youbot_description/install/youbot_description/lib/pkgconfig/youbot_description.pc'
[10.347s] Level 1:colcon.colcon_core.environment:checking '/home/ctruillet/youbot_description/install/youbot_description/lib/python3.8/site-packages'
[10.349s] INFO:colcon.colcon_core.shell:Creating package script '/home/ctruillet/youbot_description/install/youbot_description/share/youbot_description/package.ps1'
[10.350s] INFO:colcon.colcon_core.shell:Creating package descriptor '/home/ctruillet/youbot_description/install/youbot_description/share/youbot_description/package.dsv'
[10.351s] INFO:colcon.colcon_core.shell:Creating package script '/home/ctruillet/youbot_description/install/youbot_description/share/youbot_description/package.sh'
[10.352s] INFO:colcon.colcon_core.shell:Creating package script '/home/ctruillet/youbot_description/install/youbot_description/share/youbot_description/package.bash'
[10.353s] INFO:colcon.colcon_core.shell:Creating package script '/home/ctruillet/youbot_description/install/youbot_description/share/youbot_description/package.zsh'
[10.354s] Level 1:colcon.colcon_core.environment:create_file_with_runtime_dependencies(/home/ctruillet/youbot_description/install/youbot_description/share/colcon-core/packages/youbot_description)
[10.355s] DEBUG:colcon.colcon_parallel_executor.executor.parallel:closing loop
[10.358s] DEBUG:colcon.colcon_parallel_executor.executor.parallel:loop closed
[10.359s] DEBUG:colcon.colcon_parallel_executor.executor.parallel:run_until_complete finished with '0'
[10.359s] DEBUG:colcon.colcon_core.event_reactor:joining thread
[10.531s] INFO:colcon.colcon_core.plugin_system:Skipping extension 'colcon_notification.desktop_notification.notify_send': Could not find 'notify-send'
[10.532s] INFO:colcon.colcon_core.plugin_system:Skipping extension 'colcon_notification.desktop_notification.terminal_notifier': Not used on non-Darwin systems
[10.532s] INFO:colcon.colcon_core.plugin_system:Skipping extension 'colcon_notification.desktop_notification.win32': Not used on non-Windows systems
[10.532s] INFO:colcon.colcon_notification.desktop_notification:Sending desktop notification using 'notify2'
[10.564s] DEBUG:colcon.colcon_notification.desktop_notification.notify2:Failed to initialize notify2: org.freedesktop.DBus.Error.ServiceUnknown: The name org.freedesktop.Notifications was not provided by any .service files
[10.565s] DEBUG:colcon.colcon_core.event_reactor:joined thread
[10.567s] INFO:colcon.colcon_core.shell:Creating prefix script '/home/ctruillet/youbot_description/install/local_setup.ps1'
[10.570s] INFO:colcon.colcon_core.shell:Creating prefix util module '/home/ctruillet/youbot_description/install/_local_setup_util_ps1.py'
[10.573s] INFO:colcon.colcon_core.shell:Creating prefix chain script '/home/ctruillet/youbot_description/install/setup.ps1'
[10.585s] INFO:colcon.colcon_core.shell:Creating prefix script '/home/ctruillet/youbot_description/install/local_setup.sh'
[10.587s] INFO:colcon.colcon_core.shell:Creating prefix util module '/home/ctruillet/youbot_description/install/_local_setup_util_sh.py'
[10.588s] INFO:colcon.colcon_core.shell:Creating prefix chain script '/home/ctruillet/youbot_description/install/setup.sh'
[10.607s] INFO:colcon.colcon_core.shell:Creating prefix script '/home/ctruillet/youbot_description/install/local_setup.bash'
[10.608s] INFO:colcon.colcon_core.shell:Creating prefix chain script '/home/ctruillet/youbot_description/install/setup.bash'
[10.621s] INFO:colcon.colcon_core.shell:Creating prefix script '/home/ctruillet/youbot_description/install/local_setup.zsh'
[10.622s] INFO:colcon.colcon_core.shell:Creating prefix chain script '/home/ctruillet/youbot_description/install/setup.zsh'
