-- Install configuration: ""
-- Up-to-date: /home/ctruillet/lesson_urdf/install/lesson_urdf/share/lesson_urdf/launch
-- Up-to-date: /home/ctruillet/lesson_urdf/install/lesson_urdf/share/lesson_urdf/launch/view_robot_launch.py
-- Up-to-date: /home/ctruillet/lesson_urdf/install/lesson_urdf/share/lesson_urdf/rviz
-- Up-to-date: /home/ctruillet/lesson_urdf/install/lesson_urdf/share/lesson_urdf/rviz/view.rviz
-- Up-to-date: /home/ctruillet/lesson_urdf/install/lesson_urdf/share/lesson_urdf/urdf
-- Installing: /home/ctruillet/lesson_urdf/install/lesson_urdf/share/lesson_urdf/urdf/youbot.urdf
-- Up-to-date: /home/ctruillet/lesson_urdf/install/lesson_urdf/share/ament_index/resource_index/package_run_dependencies/lesson_urdf
-- Up-to-date: /home/ctruillet/lesson_urdf/install/lesson_urdf/share/ament_index/resource_index/parent_prefix_path/lesson_urdf
-- Up-to-date: /home/ctruillet/lesson_urdf/install/lesson_urdf/share/lesson_urdf/environment/ament_prefix_path.sh
-- Up-to-date: /home/ctruillet/lesson_urdf/install/lesson_urdf/share/lesson_urdf/environment/ament_prefix_path.dsv
-- Up-to-date: /home/ctruillet/lesson_urdf/install/lesson_urdf/share/lesson_urdf/environment/path.sh
-- Up-to-date: /home/ctruillet/lesson_urdf/install/lesson_urdf/share/lesson_urdf/environment/path.dsv
-- Up-to-date: /home/ctruillet/lesson_urdf/install/lesson_urdf/share/lesson_urdf/local_setup.bash
-- Up-to-date: /home/ctruillet/lesson_urdf/install/lesson_urdf/share/lesson_urdf/local_setup.sh
-- Up-to-date: /home/ctruillet/lesson_urdf/install/lesson_urdf/share/lesson_urdf/local_setup.zsh
-- Up-to-date: /home/ctruillet/lesson_urdf/install/lesson_urdf/share/lesson_urdf/local_setup.dsv
-- Up-to-date: /home/ctruillet/lesson_urdf/install/lesson_urdf/share/lesson_urdf/package.dsv
-- Up-to-date: /home/ctruillet/lesson_urdf/install/lesson_urdf/share/ament_index/resource_index/packages/lesson_urdf
-- Up-to-date: /home/ctruillet/lesson_urdf/install/lesson_urdf/share/lesson_urdf/cmake/lesson_urdfConfig.cmake
-- Up-to-date: /home/ctruillet/lesson_urdf/install/lesson_urdf/share/lesson_urdf/cmake/lesson_urdfConfig-version.cmake
-- Up-to-date: /home/ctruillet/lesson_urdf/install/lesson_urdf/share/lesson_urdf/package.xml
