[0.033s] Invoking command in '/home/ctruillet/lesson_urdf/build/lesson_urdf': CMAKE_PREFIX_PATH=${CMAKE_PREFIX_PATH}:/home/ctruillet/ros2_control/install/ros2controlcli:/home/ctruillet/ros2_control/install/ros2_control_test_nodes:/home/ctruillet/ws_moveit2/install/ros2controlcli:/opt/ros/foxy /usr/bin/cmake --build /home/ctruillet/lesson_urdf/build/lesson_urdf -- -j4 -l4
[0.083s] -- Found ament_cmake: 0.9.8 (/opt/ros/foxy/share/ament_cmake/cmake)
[0.124s] -- Using PYTHON_EXECUTABLE: /usr/bin/python3
[0.492s] -- Found urdf: 2.4.0 (/opt/ros/foxy/share/urdf/cmake)
[3.171s] -- Configuring done
[3.174s] -- Generating done
[3.176s] -- Build files have been written to: /home/ctruillet/lesson_urdf/build/lesson_urdf
[3.217s] Invoked command in '/home/ctruillet/lesson_urdf/build/lesson_urdf' returned '0': CMAKE_PREFIX_PATH=${CMAKE_PREFIX_PATH}:/home/ctruillet/ros2_control/install/ros2controlcli:/home/ctruillet/ros2_control/install/ros2_control_test_nodes:/home/ctruillet/ws_moveit2/install/ros2controlcli:/opt/ros/foxy /usr/bin/cmake --build /home/ctruillet/lesson_urdf/build/lesson_urdf -- -j4 -l4
[3.278s] Invoking command in '/home/ctruillet/lesson_urdf/build/lesson_urdf': CMAKE_PREFIX_PATH=${CMAKE_PREFIX_PATH}:/home/ctruillet/ros2_control/install/ros2controlcli:/home/ctruillet/ros2_control/install/ros2_control_test_nodes:/home/ctruillet/ws_moveit2/install/ros2controlcli:/opt/ros/foxy /usr/bin/cmake --install /home/ctruillet/lesson_urdf/build/lesson_urdf
[3.295s] -- Install configuration: ""
[3.295s] -- Up-to-date: /home/ctruillet/lesson_urdf/install/lesson_urdf/share/lesson_urdf/launch
[3.295s] -- Installing: /home/ctruillet/lesson_urdf/install/lesson_urdf/share/lesson_urdf/launch/view_robot_launch.py
[3.296s] -- Up-to-date: /home/ctruillet/lesson_urdf/install/lesson_urdf/share/lesson_urdf/rviz
[3.296s] -- Up-to-date: /home/ctruillet/lesson_urdf/install/lesson_urdf/share/lesson_urdf/rviz/view.rviz
[3.296s] -- Up-to-date: /home/ctruillet/lesson_urdf/install/lesson_urdf/share/lesson_urdf/urdf
[3.297s] -- Installing: /home/ctruillet/lesson_urdf/install/lesson_urdf/share/lesson_urdf/urdf/youbot.urdf
[3.297s] -- Up-to-date: /home/ctruillet/lesson_urdf/install/lesson_urdf/share/ament_index/resource_index/package_run_dependencies/lesson_urdf
[3.298s] -- Installing: /home/ctruillet/lesson_urdf/install/lesson_urdf/share/ament_index/resource_index/parent_prefix_path/lesson_urdf
[3.298s] -- Up-to-date: /home/ctruillet/lesson_urdf/install/lesson_urdf/share/lesson_urdf/environment/ament_prefix_path.sh
[3.298s] -- Installing: /home/ctruillet/lesson_urdf/install/lesson_urdf/share/lesson_urdf/environment/ament_prefix_path.dsv
[3.299s] -- Up-to-date: /home/ctruillet/lesson_urdf/install/lesson_urdf/share/lesson_urdf/environment/path.sh
[3.299s] -- Installing: /home/ctruillet/lesson_urdf/install/lesson_urdf/share/lesson_urdf/environment/path.dsv
[3.299s] -- Up-to-date: /home/ctruillet/lesson_urdf/install/lesson_urdf/share/lesson_urdf/local_setup.bash
[3.299s] -- Up-to-date: /home/ctruillet/lesson_urdf/install/lesson_urdf/share/lesson_urdf/local_setup.sh
[3.299s] -- Up-to-date: /home/ctruillet/lesson_urdf/install/lesson_urdf/share/lesson_urdf/local_setup.zsh
[3.299s] -- Installing: /home/ctruillet/lesson_urdf/install/lesson_urdf/share/lesson_urdf/local_setup.dsv
[3.299s] -- Installing: /home/ctruillet/lesson_urdf/install/lesson_urdf/share/lesson_urdf/package.dsv
[3.300s] -- Up-to-date: /home/ctruillet/lesson_urdf/install/lesson_urdf/share/ament_index/resource_index/packages/lesson_urdf
[3.300s] -- Up-to-date: /home/ctruillet/lesson_urdf/install/lesson_urdf/share/lesson_urdf/cmake/lesson_urdfConfig.cmake
[3.300s] -- Up-to-date: /home/ctruillet/lesson_urdf/install/lesson_urdf/share/lesson_urdf/cmake/lesson_urdfConfig-version.cmake
[3.300s] -- Installing: /home/ctruillet/lesson_urdf/install/lesson_urdf/share/lesson_urdf/package.xml
[3.304s] Invoked command in '/home/ctruillet/lesson_urdf/build/lesson_urdf' returned '0': CMAKE_PREFIX_PATH=${CMAKE_PREFIX_PATH}:/home/ctruillet/ros2_control/install/ros2controlcli:/home/ctruillet/ros2_control/install/ros2_control_test_nodes:/home/ctruillet/ws_moveit2/install/ros2controlcli:/opt/ros/foxy /usr/bin/cmake --install /home/ctruillet/lesson_urdf/build/lesson_urdf
