[0.668s] DEBUG:colcon:Command line arguments: ['/usr/bin/colcon', 'build']
[0.668s] DEBUG:colcon:Parsed command line arguments: Namespace(ament_cmake_args=None, base_paths=['.'], build_base='build', catkin_cmake_args=None, catkin_skip_building_tests=False, cmake_args=None, cmake_clean_cache=False, cmake_clean_first=False, cmake_force_configure=False, cmake_target=None, cmake_target_skip_unavailable=False, continue_on_error=False, event_handlers=None, executor='parallel', ignore_user_meta=False, install_base='install', log_base=None, log_level=None, main=<bound method BuildVerb.main of <colcon_core.verb.build.BuildVerb object at 0x7f300b59b220>>, merge_install=False, metas=['./colcon.meta'], packages_above=None, packages_above_and_dependencies=None, packages_above_depth=None, packages_end=None, packages_ignore=None, packages_ignore_regex=None, packages_select=None, packages_select_build_failed=False, packages_select_by_dep=None, packages_select_regex=None, packages_select_test_failures=False, packages_skip=None, packages_skip_build_finished=False, packages_skip_by_dep=None, packages_skip_regex=None, packages_skip_test_passed=False, packages_skip_up_to=None, packages_start=None, packages_up_to=None, packages_up_to_regex=None, parallel_workers=4, paths=None, symlink_install=False, test_result_base=None, verb_extension=<colcon_core.verb.build.BuildVerb object at 0x7f300b59b220>, verb_name='build', verb_parser=<colcon_defaults.argument_parser.defaults.DefaultArgumentsDecorator object at 0x7f300b59b4f0>)
[0.679s] Level 1:colcon.colcon_core.package_discovery:discover_packages(colcon_meta) check parameters
[0.679s] Level 1:colcon.colcon_core.package_discovery:discover_packages(recursive) check parameters
[0.679s] Level 1:colcon.colcon_core.package_discovery:discover_packages(ignore) check parameters
[0.679s] Level 1:colcon.colcon_core.package_discovery:discover_packages(path) check parameters
[0.679s] Level 1:colcon.colcon_core.package_discovery:discover_packages(colcon_meta) discover
[0.680s] Level 1:colcon.colcon_core.package_discovery:discover_packages(recursive) discover
[0.680s] INFO:colcon.colcon_core.package_discovery:Crawling recursively for packages in '/home/ctruillet/lesson_urdf'
[0.680s] Level 1:colcon.colcon_core.package_identification:_identify(.) by extensions ['ignore', 'ignore_ament_install']
[0.680s] Level 1:colcon.colcon_core.package_identification:_identify(.) by extension 'ignore'
[0.680s] Level 1:colcon.colcon_core.package_identification:_identify(.) by extension 'ignore_ament_install'
[0.681s] Level 1:colcon.colcon_core.package_identification:_identify(.) by extensions ['colcon_pkg']
[0.681s] Level 1:colcon.colcon_core.package_identification:_identify(.) by extension 'colcon_pkg'
[0.681s] Level 1:colcon.colcon_core.package_identification:_identify(.) by extensions ['colcon_meta']
[0.681s] Level 1:colcon.colcon_core.package_identification:_identify(.) by extension 'colcon_meta'
[0.681s] Level 1:colcon.colcon_core.package_identification:_identify(.) by extensions ['ros']
[0.681s] Level 1:colcon.colcon_core.package_identification:_identify(.) by extension 'ros'
[0.700s] DEBUG:colcon.colcon_core.package_identification:Package '.' with type 'ros.ament_cmake' and name 'lesson_urdf'
[0.700s] Level 1:colcon.colcon_core.package_discovery:discover_packages(recursive) using defaults
[0.700s] Level 1:colcon.colcon_core.package_discovery:discover_packages(ignore) discover
[0.700s] Level 1:colcon.colcon_core.package_discovery:discover_packages(ignore) using defaults
[0.700s] Level 1:colcon.colcon_core.package_discovery:discover_packages(path) discover
[0.700s] Level 1:colcon.colcon_core.package_discovery:discover_packages(path) using defaults
[0.735s] Level 5:colcon.colcon_core.verb:set package 'lesson_urdf' build argument 'cmake_args' from command line to 'None'
[0.736s] Level 5:colcon.colcon_core.verb:set package 'lesson_urdf' build argument 'cmake_target' from command line to 'None'
[0.736s] Level 5:colcon.colcon_core.verb:set package 'lesson_urdf' build argument 'cmake_target_skip_unavailable' from command line to 'False'
[0.736s] Level 5:colcon.colcon_core.verb:set package 'lesson_urdf' build argument 'cmake_clean_cache' from command line to 'False'
[0.736s] Level 5:colcon.colcon_core.verb:set package 'lesson_urdf' build argument 'cmake_clean_first' from command line to 'False'
[0.736s] Level 5:colcon.colcon_core.verb:set package 'lesson_urdf' build argument 'cmake_force_configure' from command line to 'False'
[0.736s] Level 5:colcon.colcon_core.verb:set package 'lesson_urdf' build argument 'ament_cmake_args' from command line to 'None'
[0.736s] Level 5:colcon.colcon_core.verb:set package 'lesson_urdf' build argument 'catkin_cmake_args' from command line to 'None'
[0.736s] Level 5:colcon.colcon_core.verb:set package 'lesson_urdf' build argument 'catkin_skip_building_tests' from command line to 'False'
[0.736s] DEBUG:colcon.colcon_core.verb:Building package 'lesson_urdf' with the following arguments: {'ament_cmake_args': None, 'build_base': '/home/ctruillet/lesson_urdf/build/lesson_urdf', 'catkin_cmake_args': None, 'catkin_skip_building_tests': False, 'cmake_args': None, 'cmake_clean_cache': False, 'cmake_clean_first': False, 'cmake_force_configure': False, 'cmake_target': None, 'cmake_target_skip_unavailable': False, 'install_base': '/home/ctruillet/lesson_urdf/install/lesson_urdf', 'merge_install': False, 'path': '/home/ctruillet/lesson_urdf', 'symlink_install': False, 'test_result_base': None}
[0.737s] INFO:colcon.colcon_core.executor:Executing jobs using 'parallel' executor
[0.740s] DEBUG:colcon.colcon_parallel_executor.executor.parallel:run_until_complete
[0.741s] INFO:colcon.colcon_ros.task.ament_cmake.build:Building ROS package in '/home/ctruillet/lesson_urdf' with build type 'ament_cmake'
[0.741s] INFO:colcon.colcon_cmake.task.cmake.build:Building CMake package in '/home/ctruillet/lesson_urdf'
[0.748s] INFO:colcon.colcon_core.plugin_system:Skipping extension 'colcon_core.shell.bat': Not used on non-Windows systems
[0.748s] INFO:colcon.colcon_core.shell:Skip shell extension 'powershell' for command environment: Not usable outside of PowerShell
[0.749s] DEBUG:colcon.colcon_core.shell:Skip shell extension 'dsv' for command environment
[0.759s] DEBUG:colcon.colcon_core.shell:Ignoring prefix path '/opt/ros/foxy'
[0.781s] DEBUG:colcon.colcon_core.event_handler.log_command:Invoking command in '/home/ctruillet/lesson_urdf/build/lesson_urdf': CMAKE_PREFIX_PATH=${CMAKE_PREFIX_PATH}:/home/ctruillet/ros2_control/install/ros2controlcli:/home/ctruillet/ros2_control/install/ros2_control_test_nodes:/home/ctruillet/ws_moveit2/install/ros2controlcli:/opt/ros/foxy /usr/bin/cmake --build /home/ctruillet/lesson_urdf/build/lesson_urdf -- -j4 -l4
[3.502s] DEBUG:colcon.colcon_core.event_handler.log_command:Invoked command in '/home/ctruillet/lesson_urdf/build/lesson_urdf' returned '0': CMAKE_PREFIX_PATH=${CMAKE_PREFIX_PATH}:/home/ctruillet/ros2_control/install/ros2controlcli:/home/ctruillet/ros2_control/install/ros2_control_test_nodes:/home/ctruillet/ws_moveit2/install/ros2controlcli:/opt/ros/foxy /usr/bin/cmake --build /home/ctruillet/lesson_urdf/build/lesson_urdf -- -j4 -l4
[3.563s] DEBUG:colcon.colcon_core.event_handler.log_command:Invoking command in '/home/ctruillet/lesson_urdf/build/lesson_urdf': CMAKE_PREFIX_PATH=${CMAKE_PREFIX_PATH}:/home/ctruillet/ros2_control/install/ros2controlcli:/home/ctruillet/ros2_control/install/ros2_control_test_nodes:/home/ctruillet/ws_moveit2/install/ros2controlcli:/opt/ros/foxy /usr/bin/cmake --install /home/ctruillet/lesson_urdf/build/lesson_urdf
[3.624s] Level 1:colcon.colcon_core.environment:create_environment_scripts_only(lesson_urdf)
[3.628s] DEBUG:colcon.colcon_core.event_handler.log_command:Invoked command in '/home/ctruillet/lesson_urdf/build/lesson_urdf' returned '0': CMAKE_PREFIX_PATH=${CMAKE_PREFIX_PATH}:/home/ctruillet/ros2_control/install/ros2controlcli:/home/ctruillet/ros2_control/install/ros2_control_test_nodes:/home/ctruillet/ws_moveit2/install/ros2controlcli:/opt/ros/foxy /usr/bin/cmake --install /home/ctruillet/lesson_urdf/build/lesson_urdf
[3.633s] Level 1:colcon.colcon_core.environment:checking '/home/ctruillet/lesson_urdf/install/lesson_urdf' for CMake module files
[3.633s] Level 1:colcon.colcon_core.environment:checking '/home/ctruillet/lesson_urdf/install/lesson_urdf' for CMake config files
[3.634s] Level 1:colcon.colcon_core.shell:create_environment_hook('lesson_urdf', 'cmake_prefix_path')
[3.636s] INFO:colcon.colcon_core.shell:Creating environment hook '/home/ctruillet/lesson_urdf/install/lesson_urdf/share/lesson_urdf/hook/cmake_prefix_path.ps1'
[3.637s] INFO:colcon.colcon_core.shell:Creating environment descriptor '/home/ctruillet/lesson_urdf/install/lesson_urdf/share/lesson_urdf/hook/cmake_prefix_path.dsv'
[3.638s] INFO:colcon.colcon_core.shell:Creating environment hook '/home/ctruillet/lesson_urdf/install/lesson_urdf/share/lesson_urdf/hook/cmake_prefix_path.sh'
[3.640s] Level 1:colcon.colcon_core.environment:checking '/home/ctruillet/lesson_urdf/install/lesson_urdf/bin'
[3.640s] Level 1:colcon.colcon_core.environment:checking '/home/ctruillet/lesson_urdf/install/lesson_urdf/lib/pkgconfig/lesson_urdf.pc'
[3.640s] Level 1:colcon.colcon_core.environment:checking '/home/ctruillet/lesson_urdf/install/lesson_urdf/lib/python3.8/site-packages'
[3.641s] INFO:colcon.colcon_core.shell:Creating package script '/home/ctruillet/lesson_urdf/install/lesson_urdf/share/lesson_urdf/package.ps1'
[3.642s] INFO:colcon.colcon_core.shell:Creating package descriptor '/home/ctruillet/lesson_urdf/install/lesson_urdf/share/lesson_urdf/package.dsv'
[3.643s] INFO:colcon.colcon_core.shell:Creating package script '/home/ctruillet/lesson_urdf/install/lesson_urdf/share/lesson_urdf/package.sh'
[3.645s] INFO:colcon.colcon_core.shell:Creating package script '/home/ctruillet/lesson_urdf/install/lesson_urdf/share/lesson_urdf/package.bash'
[3.646s] INFO:colcon.colcon_core.shell:Creating package script '/home/ctruillet/lesson_urdf/install/lesson_urdf/share/lesson_urdf/package.zsh'
[3.647s] Level 1:colcon.colcon_core.environment:create_file_with_runtime_dependencies(/home/ctruillet/lesson_urdf/install/lesson_urdf/share/colcon-core/packages/lesson_urdf)
[3.694s] Level 1:colcon.colcon_core.environment:create_environment_scripts_only(lesson_urdf)
[3.696s] Level 1:colcon.colcon_core.environment:checking '/home/ctruillet/lesson_urdf/install/lesson_urdf' for CMake module files
[3.696s] Level 1:colcon.colcon_core.environment:checking '/home/ctruillet/lesson_urdf/install/lesson_urdf' for CMake config files
[3.697s] Level 1:colcon.colcon_core.shell:create_environment_hook('lesson_urdf', 'cmake_prefix_path')
[3.698s] INFO:colcon.colcon_core.shell:Creating environment hook '/home/ctruillet/lesson_urdf/install/lesson_urdf/share/lesson_urdf/hook/cmake_prefix_path.ps1'
[3.699s] INFO:colcon.colcon_core.shell:Creating environment descriptor '/home/ctruillet/lesson_urdf/install/lesson_urdf/share/lesson_urdf/hook/cmake_prefix_path.dsv'
[3.699s] INFO:colcon.colcon_core.shell:Creating environment hook '/home/ctruillet/lesson_urdf/install/lesson_urdf/share/lesson_urdf/hook/cmake_prefix_path.sh'
[3.701s] Level 1:colcon.colcon_core.environment:checking '/home/ctruillet/lesson_urdf/install/lesson_urdf/bin'
[3.701s] Level 1:colcon.colcon_core.environment:checking '/home/ctruillet/lesson_urdf/install/lesson_urdf/lib/pkgconfig/lesson_urdf.pc'
[3.701s] Level 1:colcon.colcon_core.environment:checking '/home/ctruillet/lesson_urdf/install/lesson_urdf/lib/python3.8/site-packages'
[3.702s] INFO:colcon.colcon_core.shell:Creating package script '/home/ctruillet/lesson_urdf/install/lesson_urdf/share/lesson_urdf/package.ps1'
[3.703s] INFO:colcon.colcon_core.shell:Creating package descriptor '/home/ctruillet/lesson_urdf/install/lesson_urdf/share/lesson_urdf/package.dsv'
[3.705s] INFO:colcon.colcon_core.shell:Creating package script '/home/ctruillet/lesson_urdf/install/lesson_urdf/share/lesson_urdf/package.sh'
[3.705s] INFO:colcon.colcon_core.shell:Creating package script '/home/ctruillet/lesson_urdf/install/lesson_urdf/share/lesson_urdf/package.bash'
[3.706s] INFO:colcon.colcon_core.shell:Creating package script '/home/ctruillet/lesson_urdf/install/lesson_urdf/share/lesson_urdf/package.zsh'
[3.707s] Level 1:colcon.colcon_core.environment:create_file_with_runtime_dependencies(/home/ctruillet/lesson_urdf/install/lesson_urdf/share/colcon-core/packages/lesson_urdf)
[3.708s] DEBUG:colcon.colcon_parallel_executor.executor.parallel:closing loop
[3.709s] DEBUG:colcon.colcon_parallel_executor.executor.parallel:loop closed
[3.709s] DEBUG:colcon.colcon_parallel_executor.executor.parallel:run_until_complete finished with '0'
[3.710s] DEBUG:colcon.colcon_core.event_reactor:joining thread
[3.839s] INFO:colcon.colcon_core.plugin_system:Skipping extension 'colcon_notification.desktop_notification.notify_send': Could not find 'notify-send'
[3.839s] INFO:colcon.colcon_core.plugin_system:Skipping extension 'colcon_notification.desktop_notification.terminal_notifier': Not used on non-Darwin systems
[3.839s] INFO:colcon.colcon_core.plugin_system:Skipping extension 'colcon_notification.desktop_notification.win32': Not used on non-Windows systems
[3.839s] INFO:colcon.colcon_notification.desktop_notification:Sending desktop notification using 'notify2'
[3.865s] DEBUG:colcon.colcon_notification.desktop_notification.notify2:Failed to initialize notify2: org.freedesktop.DBus.Error.ServiceUnknown: The name org.freedesktop.Notifications was not provided by any .service files
[3.866s] DEBUG:colcon.colcon_core.event_reactor:joined thread
[3.868s] INFO:colcon.colcon_core.shell:Creating prefix script '/home/ctruillet/lesson_urdf/install/local_setup.ps1'
[3.870s] INFO:colcon.colcon_core.shell:Creating prefix util module '/home/ctruillet/lesson_urdf/install/_local_setup_util_ps1.py'
[3.873s] INFO:colcon.colcon_core.shell:Creating prefix chain script '/home/ctruillet/lesson_urdf/install/setup.ps1'
[3.882s] INFO:colcon.colcon_core.shell:Creating prefix script '/home/ctruillet/lesson_urdf/install/local_setup.sh'
[3.883s] INFO:colcon.colcon_core.shell:Creating prefix util module '/home/ctruillet/lesson_urdf/install/_local_setup_util_sh.py'
[3.884s] INFO:colcon.colcon_core.shell:Creating prefix chain script '/home/ctruillet/lesson_urdf/install/setup.sh'
[3.892s] INFO:colcon.colcon_core.shell:Creating prefix script '/home/ctruillet/lesson_urdf/install/local_setup.bash'
[3.893s] INFO:colcon.colcon_core.shell:Creating prefix chain script '/home/ctruillet/lesson_urdf/install/setup.bash'
[3.901s] INFO:colcon.colcon_core.shell:Creating prefix script '/home/ctruillet/lesson_urdf/install/local_setup.zsh'
[3.902s] INFO:colcon.colcon_core.shell:Creating prefix chain script '/home/ctruillet/lesson_urdf/install/setup.zsh'
