-- The C compiler identification is GNU 8.4.0
-- The CXX compiler identification is GNU 8.4.0
-- Check for working C compiler: /usr/bin/cc
-- Check for working C compiler: /usr/bin/cc -- works
-- Detecting C compiler ABI info
-- Detecting C compiler ABI info - done
-- Detecting C compile features
-- Detecting C compile features - done
-- Check for working CXX compiler: /usr/bin/c++
-- Check for working CXX compiler: /usr/bin/c++ -- works
-- Detecting CXX compiler ABI info
-- Detecting CXX compiler ABI info - done
-- Detecting CXX compile features
-- Detecting CXX compile features - done
-- Found ament_cmake: 0.9.8 (/opt/ros/foxy/share/ament_cmake/cmake)
-- Found PythonInterp: /usr/bin/python3 (found suitable version "3.8.5", minimum required is "3") 
-- Using PYTHON_EXECUTABLE: /usr/bin/python3
-- Found urdf: 2.4.0 (/opt/ros/foxy/share/urdf/cmake)
-- Configuring done
-- Generating done
-- Build files have been written to: /home/ctruillet/lesson_urdf/build/lesson_urdf
-- Install configuration: ""
-- Installing: /home/ctruillet/lesson_urdf/install/lesson_urdf/share/lesson_urdf/launch
-- Installing: /home/ctruillet/lesson_urdf/install/lesson_urdf/share/lesson_urdf/launch/view_robot_launch.py
-- Installing: /home/ctruillet/lesson_urdf/install/lesson_urdf/share/lesson_urdf/rviz
-- Installing: /home/ctruillet/lesson_urdf/install/lesson_urdf/share/lesson_urdf/rviz/view.rviz
-- Installing: /home/ctruillet/lesson_urdf/install/lesson_urdf/share/lesson_urdf/urdf
-- Installing: /home/ctruillet/lesson_urdf/install/lesson_urdf/share/lesson_urdf/urdf/planar_3dof.urdf
-- Installing: /home/ctruillet/lesson_urdf/install/lesson_urdf/share/ament_index/resource_index/package_run_dependencies/lesson_urdf
-- Installing: /home/ctruillet/lesson_urdf/install/lesson_urdf/share/ament_index/resource_index/parent_prefix_path/lesson_urdf
-- Installing: /home/ctruillet/lesson_urdf/install/lesson_urdf/share/lesson_urdf/environment/ament_prefix_path.sh
-- Installing: /home/ctruillet/lesson_urdf/install/lesson_urdf/share/lesson_urdf/environment/ament_prefix_path.dsv
-- Installing: /home/ctruillet/lesson_urdf/install/lesson_urdf/share/lesson_urdf/environment/path.sh
-- Installing: /home/ctruillet/lesson_urdf/install/lesson_urdf/share/lesson_urdf/environment/path.dsv
-- Installing: /home/ctruillet/lesson_urdf/install/lesson_urdf/share/lesson_urdf/local_setup.bash
-- Installing: /home/ctruillet/lesson_urdf/install/lesson_urdf/share/lesson_urdf/local_setup.sh
-- Installing: /home/ctruillet/lesson_urdf/install/lesson_urdf/share/lesson_urdf/local_setup.zsh
-- Installing: /home/ctruillet/lesson_urdf/install/lesson_urdf/share/lesson_urdf/local_setup.dsv
-- Installing: /home/ctruillet/lesson_urdf/install/lesson_urdf/share/lesson_urdf/package.dsv
-- Installing: /home/ctruillet/lesson_urdf/install/lesson_urdf/share/ament_index/resource_index/packages/lesson_urdf
-- Installing: /home/ctruillet/lesson_urdf/install/lesson_urdf/share/lesson_urdf/cmake/lesson_urdfConfig.cmake
-- Installing: /home/ctruillet/lesson_urdf/install/lesson_urdf/share/lesson_urdf/cmake/lesson_urdfConfig-version.cmake
-- Installing: /home/ctruillet/lesson_urdf/install/lesson_urdf/share/lesson_urdf/package.xml
