[0.032s] Invoking command in '/home/ctruillet/lesson_urdf/build/lesson_urdf': CMAKE_PREFIX_PATH=${CMAKE_PREFIX_PATH}:/home/ctruillet/ros2_control/install/ros2controlcli:/home/ctruillet/ros2_control/install/ros2_control_test_nodes:/home/ctruillet/ws_moveit2/install/ros2controlcli:/opt/ros/foxy /usr/bin/cmake /home/ctruillet/lesson_urdf -DCMAKE_INSTALL_PREFIX=/home/ctruillet/lesson_urdf/install/lesson_urdf
[0.407s] -- The C compiler identification is GNU 8.4.0
[0.973s] -- The CXX compiler identification is GNU 8.4.0
[1.507s] -- Check for working C compiler: /usr/bin/cc
[1.804s] -- Check for working C compiler: /usr/bin/cc -- works
[1.806s] -- Detecting C compiler ABI info
[2.158s] -- Detecting C compiler ABI info - done
[2.173s] -- Detecting C compile features
[2.174s] -- Detecting C compile features - done
[2.177s] -- Check for working CXX compiler: /usr/bin/c++
[2.571s] -- Check for working CXX compiler: /usr/bin/c++ -- works
[2.572s] -- Detecting CXX compiler ABI info
[2.879s] -- Detecting CXX compiler ABI info - done
[2.894s] -- Detecting CXX compile features
[2.895s] -- Detecting CXX compile features - done
[2.908s] -- Found ament_cmake: 0.9.8 (/opt/ros/foxy/share/ament_cmake/cmake)
[2.960s] -- Found PythonInterp: /usr/bin/python3 (found suitable version "3.8.5", minimum required is "3") 
[2.960s] -- Using PYTHON_EXECUTABLE: /usr/bin/python3
[3.583s] -- Found urdf: 2.4.0 (/opt/ros/foxy/share/urdf/cmake)
[7.658s] -- Configuring done
[7.662s] -- Generating done
[7.664s] -- Build files have been written to: /home/ctruillet/lesson_urdf/build/lesson_urdf
[7.671s] Invoked command in '/home/ctruillet/lesson_urdf/build/lesson_urdf' returned '0': CMAKE_PREFIX_PATH=${CMAKE_PREFIX_PATH}:/home/ctruillet/ros2_control/install/ros2controlcli:/home/ctruillet/ros2_control/install/ros2_control_test_nodes:/home/ctruillet/ws_moveit2/install/ros2controlcli:/opt/ros/foxy /usr/bin/cmake /home/ctruillet/lesson_urdf -DCMAKE_INSTALL_PREFIX=/home/ctruillet/lesson_urdf/install/lesson_urdf
[7.675s] Invoking command in '/home/ctruillet/lesson_urdf/build/lesson_urdf': CMAKE_PREFIX_PATH=${CMAKE_PREFIX_PATH}:/home/ctruillet/ros2_control/install/ros2controlcli:/home/ctruillet/ros2_control/install/ros2_control_test_nodes:/home/ctruillet/ws_moveit2/install/ros2controlcli:/opt/ros/foxy /usr/bin/cmake --build /home/ctruillet/lesson_urdf/build/lesson_urdf -- -j4 -l4
[7.855s] Invoked command in '/home/ctruillet/lesson_urdf/build/lesson_urdf' returned '0': CMAKE_PREFIX_PATH=${CMAKE_PREFIX_PATH}:/home/ctruillet/ros2_control/install/ros2controlcli:/home/ctruillet/ros2_control/install/ros2_control_test_nodes:/home/ctruillet/ws_moveit2/install/ros2controlcli:/opt/ros/foxy /usr/bin/cmake --build /home/ctruillet/lesson_urdf/build/lesson_urdf -- -j4 -l4
[7.974s] Invoking command in '/home/ctruillet/lesson_urdf/build/lesson_urdf': CMAKE_PREFIX_PATH=${CMAKE_PREFIX_PATH}:/home/ctruillet/ros2_control/install/ros2controlcli:/home/ctruillet/ros2_control/install/ros2_control_test_nodes:/home/ctruillet/ws_moveit2/install/ros2controlcli:/opt/ros/foxy /usr/bin/cmake --install /home/ctruillet/lesson_urdf/build/lesson_urdf
[7.992s] -- Install configuration: ""
[7.992s] -- Installing: /home/ctruillet/lesson_urdf/install/lesson_urdf/share/lesson_urdf/launch
[7.993s] -- Installing: /home/ctruillet/lesson_urdf/install/lesson_urdf/share/lesson_urdf/launch/view_robot_launch.py
[7.993s] -- Installing: /home/ctruillet/lesson_urdf/install/lesson_urdf/share/lesson_urdf/rviz
[7.994s] -- Installing: /home/ctruillet/lesson_urdf/install/lesson_urdf/share/lesson_urdf/rviz/view.rviz
[7.994s] -- Installing: /home/ctruillet/lesson_urdf/install/lesson_urdf/share/lesson_urdf/urdf
[7.994s] -- Installing: /home/ctruillet/lesson_urdf/install/lesson_urdf/share/lesson_urdf/urdf/planar_3dof.urdf
[7.995s] -- Installing: /home/ctruillet/lesson_urdf/install/lesson_urdf/share/ament_index/resource_index/package_run_dependencies/lesson_urdf
[7.995s] -- Installing: /home/ctruillet/lesson_urdf/install/lesson_urdf/share/ament_index/resource_index/parent_prefix_path/lesson_urdf
[7.995s] -- Installing: /home/ctruillet/lesson_urdf/install/lesson_urdf/share/lesson_urdf/environment/ament_prefix_path.sh
[7.996s] -- Installing: /home/ctruillet/lesson_urdf/install/lesson_urdf/share/lesson_urdf/environment/ament_prefix_path.dsv
[7.996s] -- Installing: /home/ctruillet/lesson_urdf/install/lesson_urdf/share/lesson_urdf/environment/path.sh
[7.996s] -- Installing: /home/ctruillet/lesson_urdf/install/lesson_urdf/share/lesson_urdf/environment/path.dsv
[7.996s] -- Installing: /home/ctruillet/lesson_urdf/install/lesson_urdf/share/lesson_urdf/local_setup.bash
[7.997s] -- Installing: /home/ctruillet/lesson_urdf/install/lesson_urdf/share/lesson_urdf/local_setup.sh
[7.997s] -- Installing: /home/ctruillet/lesson_urdf/install/lesson_urdf/share/lesson_urdf/local_setup.zsh
[7.997s] -- Installing: /home/ctruillet/lesson_urdf/install/lesson_urdf/share/lesson_urdf/local_setup.dsv
[7.997s] -- Installing: /home/ctruillet/lesson_urdf/install/lesson_urdf/share/lesson_urdf/package.dsv
[7.998s] -- Installing: /home/ctruillet/lesson_urdf/install/lesson_urdf/share/ament_index/resource_index/packages/lesson_urdf
[7.999s] -- Installing: /home/ctruillet/lesson_urdf/install/lesson_urdf/share/lesson_urdf/cmake/lesson_urdfConfig.cmake
[7.999s] -- Installing: /home/ctruillet/lesson_urdf/install/lesson_urdf/share/lesson_urdf/cmake/lesson_urdfConfig-version.cmake
[7.999s] -- Installing: /home/ctruillet/lesson_urdf/install/lesson_urdf/share/lesson_urdf/package.xml
[8.003s] Invoked command in '/home/ctruillet/lesson_urdf/build/lesson_urdf' returned '0': CMAKE_PREFIX_PATH=${CMAKE_PREFIX_PATH}:/home/ctruillet/ros2_control/install/ros2controlcli:/home/ctruillet/ros2_control/install/ros2_control_test_nodes:/home/ctruillet/ws_moveit2/install/ros2controlcli:/opt/ros/foxy /usr/bin/cmake --install /home/ctruillet/lesson_urdf/build/lesson_urdf
