[0.703s] DEBUG:colcon:Command line arguments: ['/usr/bin/colcon', 'build']
[0.703s] DEBUG:colcon:Parsed command line arguments: Namespace(ament_cmake_args=None, base_paths=['.'], build_base='build', catkin_cmake_args=None, catkin_skip_building_tests=False, cmake_args=None, cmake_clean_cache=False, cmake_clean_first=False, cmake_force_configure=False, cmake_target=None, cmake_target_skip_unavailable=False, continue_on_error=False, event_handlers=None, executor='parallel', ignore_user_meta=False, install_base='install', log_base=None, log_level=None, main=<bound method BuildVerb.main of <colcon_core.verb.build.BuildVerb object at 0x7fadb2bbd1f0>>, merge_install=False, metas=['./colcon.meta'], packages_above=None, packages_above_and_dependencies=None, packages_above_depth=None, packages_end=None, packages_ignore=None, packages_ignore_regex=None, packages_select=None, packages_select_build_failed=False, packages_select_by_dep=None, packages_select_regex=None, packages_select_test_failures=False, packages_skip=None, packages_skip_build_finished=False, packages_skip_by_dep=None, packages_skip_regex=None, packages_skip_test_passed=False, packages_skip_up_to=None, packages_start=None, packages_up_to=None, packages_up_to_regex=None, parallel_workers=4, paths=None, symlink_install=False, test_result_base=None, verb_extension=<colcon_core.verb.build.BuildVerb object at 0x7fadb2bbd1f0>, verb_name='build', verb_parser=<colcon_defaults.argument_parser.defaults.DefaultArgumentsDecorator object at 0x7fadb2bbd4c0>)
[0.714s] Level 1:colcon.colcon_core.package_discovery:discover_packages(colcon_meta) check parameters
[0.714s] Level 1:colcon.colcon_core.package_discovery:discover_packages(recursive) check parameters
[0.715s] Level 1:colcon.colcon_core.package_discovery:discover_packages(ignore) check parameters
[0.715s] Level 1:colcon.colcon_core.package_discovery:discover_packages(path) check parameters
[0.715s] Level 1:colcon.colcon_core.package_discovery:discover_packages(colcon_meta) discover
[0.715s] Level 1:colcon.colcon_core.package_discovery:discover_packages(recursive) discover
[0.715s] INFO:colcon.colcon_core.package_discovery:Crawling recursively for packages in '/home/ctruillet/lesson_urdf'
[0.715s] Level 1:colcon.colcon_core.package_identification:_identify(.) by extensions ['ignore', 'ignore_ament_install']
[0.715s] Level 1:colcon.colcon_core.package_identification:_identify(.) by extension 'ignore'
[0.715s] Level 1:colcon.colcon_core.package_identification:_identify(.) by extension 'ignore_ament_install'
[0.716s] Level 1:colcon.colcon_core.package_identification:_identify(.) by extensions ['colcon_pkg']
[0.716s] Level 1:colcon.colcon_core.package_identification:_identify(.) by extension 'colcon_pkg'
[0.716s] Level 1:colcon.colcon_core.package_identification:_identify(.) by extensions ['colcon_meta']
[0.716s] Level 1:colcon.colcon_core.package_identification:_identify(.) by extension 'colcon_meta'
[0.717s] Level 1:colcon.colcon_core.package_identification:_identify(.) by extensions ['ros']
[0.717s] Level 1:colcon.colcon_core.package_identification:_identify(.) by extension 'ros'
[0.735s] DEBUG:colcon.colcon_core.package_identification:Package '.' with type 'ros.ament_cmake' and name 'lesson_urdf'
[0.735s] Level 1:colcon.colcon_core.package_discovery:discover_packages(recursive) using defaults
[0.735s] Level 1:colcon.colcon_core.package_discovery:discover_packages(ignore) discover
[0.736s] Level 1:colcon.colcon_core.package_discovery:discover_packages(ignore) using defaults
[0.736s] Level 1:colcon.colcon_core.package_discovery:discover_packages(path) discover
[0.736s] Level 1:colcon.colcon_core.package_discovery:discover_packages(path) using defaults
[0.767s] Level 5:colcon.colcon_core.verb:set package 'lesson_urdf' build argument 'cmake_args' from command line to 'None'
[0.767s] Level 5:colcon.colcon_core.verb:set package 'lesson_urdf' build argument 'cmake_target' from command line to 'None'
[0.767s] Level 5:colcon.colcon_core.verb:set package 'lesson_urdf' build argument 'cmake_target_skip_unavailable' from command line to 'False'
[0.767s] Level 5:colcon.colcon_core.verb:set package 'lesson_urdf' build argument 'cmake_clean_cache' from command line to 'False'
[0.767s] Level 5:colcon.colcon_core.verb:set package 'lesson_urdf' build argument 'cmake_clean_first' from command line to 'False'
[0.767s] Level 5:colcon.colcon_core.verb:set package 'lesson_urdf' build argument 'cmake_force_configure' from command line to 'False'
[0.767s] Level 5:colcon.colcon_core.verb:set package 'lesson_urdf' build argument 'ament_cmake_args' from command line to 'None'
[0.767s] Level 5:colcon.colcon_core.verb:set package 'lesson_urdf' build argument 'catkin_cmake_args' from command line to 'None'
[0.767s] Level 5:colcon.colcon_core.verb:set package 'lesson_urdf' build argument 'catkin_skip_building_tests' from command line to 'False'
[0.767s] DEBUG:colcon.colcon_core.verb:Building package 'lesson_urdf' with the following arguments: {'ament_cmake_args': None, 'build_base': '/home/ctruillet/lesson_urdf/build/lesson_urdf', 'catkin_cmake_args': None, 'catkin_skip_building_tests': False, 'cmake_args': None, 'cmake_clean_cache': False, 'cmake_clean_first': False, 'cmake_force_configure': False, 'cmake_target': None, 'cmake_target_skip_unavailable': False, 'install_base': '/home/ctruillet/lesson_urdf/install/lesson_urdf', 'merge_install': False, 'path': '/home/ctruillet/lesson_urdf', 'symlink_install': False, 'test_result_base': None}
[0.769s] INFO:colcon.colcon_core.executor:Executing jobs using 'parallel' executor
[0.773s] DEBUG:colcon.colcon_parallel_executor.executor.parallel:run_until_complete
[0.774s] INFO:colcon.colcon_ros.task.ament_cmake.build:Building ROS package in '/home/ctruillet/lesson_urdf' with build type 'ament_cmake'
[0.776s] INFO:colcon.colcon_cmake.task.cmake.build:Building CMake package in '/home/ctruillet/lesson_urdf'
[0.781s] INFO:colcon.colcon_core.plugin_system:Skipping extension 'colcon_core.shell.bat': Not used on non-Windows systems
[0.782s] INFO:colcon.colcon_core.shell:Skip shell extension 'powershell' for command environment: Not usable outside of PowerShell
[0.782s] DEBUG:colcon.colcon_core.shell:Skip shell extension 'dsv' for command environment
[0.793s] DEBUG:colcon.colcon_core.shell:Ignoring prefix path '/opt/ros/foxy'
[0.818s] DEBUG:colcon.colcon_core.event_handler.log_command:Invoking command in '/home/ctruillet/lesson_urdf/build/lesson_urdf': CMAKE_PREFIX_PATH=${CMAKE_PREFIX_PATH}:/home/ctruillet/ros2_control/install/ros2controlcli:/home/ctruillet/ros2_control/install/ros2_control_test_nodes:/home/ctruillet/ws_moveit2/install/ros2controlcli:/opt/ros/foxy /usr/bin/cmake --build /home/ctruillet/lesson_urdf/build/lesson_urdf -- -j4 -l4
[0.892s] DEBUG:colcon.colcon_core.event_handler.log_command:Invoked command in '/home/ctruillet/lesson_urdf/build/lesson_urdf' returned '0': CMAKE_PREFIX_PATH=${CMAKE_PREFIX_PATH}:/home/ctruillet/ros2_control/install/ros2controlcli:/home/ctruillet/ros2_control/install/ros2_control_test_nodes:/home/ctruillet/ws_moveit2/install/ros2controlcli:/opt/ros/foxy /usr/bin/cmake --build /home/ctruillet/lesson_urdf/build/lesson_urdf -- -j4 -l4
[0.956s] DEBUG:colcon.colcon_core.event_handler.log_command:Invoking command in '/home/ctruillet/lesson_urdf/build/lesson_urdf': CMAKE_PREFIX_PATH=${CMAKE_PREFIX_PATH}:/home/ctruillet/ros2_control/install/ros2controlcli:/home/ctruillet/ros2_control/install/ros2_control_test_nodes:/home/ctruillet/ws_moveit2/install/ros2controlcli:/opt/ros/foxy /usr/bin/cmake --install /home/ctruillet/lesson_urdf/build/lesson_urdf
[0.975s] Level 1:colcon.colcon_core.environment:create_environment_scripts_only(lesson_urdf)
[0.984s] DEBUG:colcon.colcon_core.event_handler.log_command:Invoked command in '/home/ctruillet/lesson_urdf/build/lesson_urdf' returned '0': CMAKE_PREFIX_PATH=${CMAKE_PREFIX_PATH}:/home/ctruillet/ros2_control/install/ros2controlcli:/home/ctruillet/ros2_control/install/ros2_control_test_nodes:/home/ctruillet/ws_moveit2/install/ros2controlcli:/opt/ros/foxy /usr/bin/cmake --install /home/ctruillet/lesson_urdf/build/lesson_urdf
[0.988s] Level 1:colcon.colcon_core.environment:checking '/home/ctruillet/lesson_urdf/install/lesson_urdf' for CMake module files
[0.989s] Level 1:colcon.colcon_core.environment:checking '/home/ctruillet/lesson_urdf/install/lesson_urdf' for CMake config files
[0.989s] Level 1:colcon.colcon_core.shell:create_environment_hook('lesson_urdf', 'cmake_prefix_path')
[0.991s] INFO:colcon.colcon_core.shell:Creating environment hook '/home/ctruillet/lesson_urdf/install/lesson_urdf/share/lesson_urdf/hook/cmake_prefix_path.ps1'
[0.993s] INFO:colcon.colcon_core.shell:Creating environment descriptor '/home/ctruillet/lesson_urdf/install/lesson_urdf/share/lesson_urdf/hook/cmake_prefix_path.dsv'
[0.995s] INFO:colcon.colcon_core.shell:Creating environment hook '/home/ctruillet/lesson_urdf/install/lesson_urdf/share/lesson_urdf/hook/cmake_prefix_path.sh'
[0.996s] Level 1:colcon.colcon_core.environment:checking '/home/ctruillet/lesson_urdf/install/lesson_urdf/bin'
[0.997s] Level 1:colcon.colcon_core.environment:checking '/home/ctruillet/lesson_urdf/install/lesson_urdf/lib/pkgconfig/lesson_urdf.pc'
[0.997s] Level 1:colcon.colcon_core.environment:checking '/home/ctruillet/lesson_urdf/install/lesson_urdf/lib/python3.8/site-packages'
[0.999s] INFO:colcon.colcon_core.shell:Creating package script '/home/ctruillet/lesson_urdf/install/lesson_urdf/share/lesson_urdf/package.ps1'
[1.001s] INFO:colcon.colcon_core.shell:Creating package descriptor '/home/ctruillet/lesson_urdf/install/lesson_urdf/share/lesson_urdf/package.dsv'
[1.002s] INFO:colcon.colcon_core.shell:Creating package script '/home/ctruillet/lesson_urdf/install/lesson_urdf/share/lesson_urdf/package.sh'
[1.003s] INFO:colcon.colcon_core.shell:Creating package script '/home/ctruillet/lesson_urdf/install/lesson_urdf/share/lesson_urdf/package.bash'
[1.005s] INFO:colcon.colcon_core.shell:Creating package script '/home/ctruillet/lesson_urdf/install/lesson_urdf/share/lesson_urdf/package.zsh'
[1.006s] Level 1:colcon.colcon_core.environment:create_file_with_runtime_dependencies(/home/ctruillet/lesson_urdf/install/lesson_urdf/share/colcon-core/packages/lesson_urdf)
[1.052s] Level 1:colcon.colcon_core.environment:create_environment_scripts_only(lesson_urdf)
[1.053s] Level 1:colcon.colcon_core.environment:checking '/home/ctruillet/lesson_urdf/install/lesson_urdf' for CMake module files
[1.054s] Level 1:colcon.colcon_core.environment:checking '/home/ctruillet/lesson_urdf/install/lesson_urdf' for CMake config files
[1.054s] Level 1:colcon.colcon_core.shell:create_environment_hook('lesson_urdf', 'cmake_prefix_path')
[1.055s] INFO:colcon.colcon_core.shell:Creating environment hook '/home/ctruillet/lesson_urdf/install/lesson_urdf/share/lesson_urdf/hook/cmake_prefix_path.ps1'
[1.056s] INFO:colcon.colcon_core.shell:Creating environment descriptor '/home/ctruillet/lesson_urdf/install/lesson_urdf/share/lesson_urdf/hook/cmake_prefix_path.dsv'
[1.057s] INFO:colcon.colcon_core.shell:Creating environment hook '/home/ctruillet/lesson_urdf/install/lesson_urdf/share/lesson_urdf/hook/cmake_prefix_path.sh'
[1.058s] Level 1:colcon.colcon_core.environment:checking '/home/ctruillet/lesson_urdf/install/lesson_urdf/bin'
[1.058s] Level 1:colcon.colcon_core.environment:checking '/home/ctruillet/lesson_urdf/install/lesson_urdf/lib/pkgconfig/lesson_urdf.pc'
[1.058s] Level 1:colcon.colcon_core.environment:checking '/home/ctruillet/lesson_urdf/install/lesson_urdf/lib/python3.8/site-packages'
[1.060s] INFO:colcon.colcon_core.shell:Creating package script '/home/ctruillet/lesson_urdf/install/lesson_urdf/share/lesson_urdf/package.ps1'
[1.061s] INFO:colcon.colcon_core.shell:Creating package descriptor '/home/ctruillet/lesson_urdf/install/lesson_urdf/share/lesson_urdf/package.dsv'
[1.062s] INFO:colcon.colcon_core.shell:Creating package script '/home/ctruillet/lesson_urdf/install/lesson_urdf/share/lesson_urdf/package.sh'
[1.063s] INFO:colcon.colcon_core.shell:Creating package script '/home/ctruillet/lesson_urdf/install/lesson_urdf/share/lesson_urdf/package.bash'
[1.065s] INFO:colcon.colcon_core.shell:Creating package script '/home/ctruillet/lesson_urdf/install/lesson_urdf/share/lesson_urdf/package.zsh'
[1.066s] Level 1:colcon.colcon_core.environment:create_file_with_runtime_dependencies(/home/ctruillet/lesson_urdf/install/lesson_urdf/share/colcon-core/packages/lesson_urdf)
[1.067s] DEBUG:colcon.colcon_parallel_executor.executor.parallel:closing loop
[1.068s] DEBUG:colcon.colcon_parallel_executor.executor.parallel:loop closed
[1.068s] DEBUG:colcon.colcon_parallel_executor.executor.parallel:run_until_complete finished with '0'
[1.068s] DEBUG:colcon.colcon_core.event_reactor:joining thread
[1.180s] INFO:colcon.colcon_core.plugin_system:Skipping extension 'colcon_notification.desktop_notification.notify_send': Could not find 'notify-send'
[1.180s] INFO:colcon.colcon_core.plugin_system:Skipping extension 'colcon_notification.desktop_notification.terminal_notifier': Not used on non-Darwin systems
[1.180s] INFO:colcon.colcon_core.plugin_system:Skipping extension 'colcon_notification.desktop_notification.win32': Not used on non-Windows systems
[1.180s] INFO:colcon.colcon_notification.desktop_notification:Sending desktop notification using 'notify2'
[1.202s] DEBUG:colcon.colcon_notification.desktop_notification.notify2:Failed to initialize notify2: org.freedesktop.DBus.Error.ServiceUnknown: The name org.freedesktop.Notifications was not provided by any .service files
[1.202s] DEBUG:colcon.colcon_core.event_reactor:joined thread
[1.204s] INFO:colcon.colcon_core.shell:Creating prefix script '/home/ctruillet/lesson_urdf/install/local_setup.ps1'
[1.205s] INFO:colcon.colcon_core.shell:Creating prefix util module '/home/ctruillet/lesson_urdf/install/_local_setup_util_ps1.py'
[1.207s] INFO:colcon.colcon_core.shell:Creating prefix chain script '/home/ctruillet/lesson_urdf/install/setup.ps1'
[1.215s] INFO:colcon.colcon_core.shell:Creating prefix script '/home/ctruillet/lesson_urdf/install/local_setup.sh'
[1.219s] INFO:colcon.colcon_core.shell:Creating prefix util module '/home/ctruillet/lesson_urdf/install/_local_setup_util_sh.py'
[1.220s] INFO:colcon.colcon_core.shell:Creating prefix chain script '/home/ctruillet/lesson_urdf/install/setup.sh'
[1.229s] INFO:colcon.colcon_core.shell:Creating prefix script '/home/ctruillet/lesson_urdf/install/local_setup.bash'
[1.230s] INFO:colcon.colcon_core.shell:Creating prefix chain script '/home/ctruillet/lesson_urdf/install/setup.bash'
[1.240s] INFO:colcon.colcon_core.shell:Creating prefix script '/home/ctruillet/lesson_urdf/install/local_setup.zsh'
[1.241s] INFO:colcon.colcon_core.shell:Creating prefix chain script '/home/ctruillet/lesson_urdf/install/setup.zsh'
